<?xml version="1.0" encoding="UTF-8"?>
<!-- Generated by org.testng.reporters.JUnitXMLReporter -->
<testsuite ignored="5" hostname="IBM-PF37EQCD" failures="0" tests="1" name="Default test" time="2.986" errors="0" timestamp="18 Nov 2022 06:45:29 GMT">
  <testcase classname="test.PlaylistTests" name="createPlaylistUsingPojo" time="1.851"/>
  <testcase classname="test.PlaylistTests" name="createPlaylistWithExpiredAccessToken" time="0.0">
    <ignored/>
  </testcase> <!-- createPlaylistWithExpiredAccessToken -->
  <testcase classname="test.PlaylistTests" name="createPlaylistWithoutName" time="0.0">
    <ignored/>
  </testcase> <!-- createPlaylistWithoutName -->
  <testcase classname="test.PlaylistTests" name="getPlaylist" time="0.0">
    <ignored/>
  </testcase> <!-- getPlaylist -->
  <testcase classname="test.PlaylistTests" name="createPlaylist" time="0.0">
    <ignored/>
  </testcase> <!-- createPlaylist -->
  <testcase classname="test.PlaylistTests" name="updatePlaylist" time="0.0">
    <ignored/>
  </testcase> <!-- updatePlaylist -->
</testsuite> <!-- Default test -->
